INFO 2026-02-28 14:14:15,584 autoreload 46412 8650862720 Watching for file changes with StatReloader
INFO 2026-02-28 14:14:24,260 log 46412 6190084096 "GET /users/ HTTP/1.1" 200 40877
INFO 2026-02-28 14:14:35,731 log 46412 6206910464 "GET / HTTP/1.1" 302 0
INFO 2026-02-28 14:14:35,738 log 46412 6206910464 "GET /accounts/login/ HTTP/1.1" 200 12624
INFO 2026-02-28 14:14:41,022 log 46412 6206910464 "POST /accounts/login/ HTTP/1.1" 200 12954
INFO 2026-02-28 14:14:57,902 log 46412 6190084096 "GET /users/create/ HTTP/1.1" 200 25613
INFO 2026-02-28 14:15:39,619 autoreload 46412 8650862720 /Users/vinh.tang/Documents/1-Project/LCMS/lcms-portal/lcms/settings.py changed, reloading.
INFO 2026-02-28 14:15:41,697 autoreload 46971 8650862720 Watching for file changes with StatReloader
INFO 2026-02-28 14:16:35,482 log 46971 6129577984 "GET /users/ HTTP/1.1" 200 40877
INFO 2026-02-28 14:21:44,639 log 46971 6129577984 "GET /users/ HTTP/1.1" 200 40877
INFO 2026-02-28 14:22:04,935 log 46971 6146404352 "POST /accounts/login/ HTTP/1.1" 200 12981
INFO 2026-02-28 14:22:18,155 log 46971 6146404352 "POST /accounts/login/ HTTP/1.1" 200 12981
INFO 2026-02-28 14:22:38,350 log 46971 6129577984 "GET /users/create/ HTTP/1.1" 200 25613
INFO 2026-02-28 14:23:07,279 log 46971 6129577984 "POST /users/create/ HTTP/1.1" 302 0
INFO 2026-02-28 14:23:07,290 log 46971 6129577984 "GET /users/ HTTP/1.1" 200 45673
INFO 2026-02-28 14:23:19,446 log 46971 6146404352 "POST /accounts/login/ HTTP/1.1" 200 12981
INFO 2026-02-28 14:23:31,075 log 46971 6146404352 "POST /accounts/login/ HTTP/1.1" 200 12981
INFO 2026-02-28 14:23:53,318 log 46971 6146404352 "POST /accounts/login/ HTTP/1.1" 200 12981
INFO 2026-02-28 14:24:38,940 log 46971 6129577984 "GET /users/create/ HTTP/1.1" 200 25613
INFO 2026-02-28 14:27:11,482 autoreload 46971 8650862720 /Users/vinh.tang/Documents/1-Project/LCMS/lcms-portal/users/views.py changed, reloading.
INFO 2026-02-28 14:27:11,997 autoreload 52320 8650862720 Watching for file changes with StatReloader
INFO 2026-02-28 14:28:52,593 log 52320 6122598400 "GET /users/create/ HTTP/1.1" 200 25647
WARNING 2026-02-28 14:28:53,329 log 52320 6122598400 Not Found: /favicon.ico
WARNING 2026-02-28 14:28:53,329 log 52320 6122598400 "GET /favicon.ico HTTP/1.1" 404 10393
INFO 2026-02-28 14:28:54,086 log 52320 6122598400 "GET /users/create/ HTTP/1.1" 200 25647
WARNING 2026-02-28 14:28:54,474 log 52320 6122598400 Not Found: /favicon.ico
WARNING 2026-02-28 14:28:54,474 log 52320 6122598400 "GET /favicon.ico HTTP/1.1" 404 10393
INFO 2026-02-28 14:29:01,576 log 52320 6122598400 "GET /users/ HTTP/1.1" 200 43833
INFO 2026-02-28 14:29:13,264 log 52320 6139424768 "POST /accounts/login/ HTTP/1.1" 302 0
INFO 2026-02-28 14:29:13,279 log 52320 6139424768 "GET /accounts/dashboard/ HTTP/1.1" 200 20367
INFO 2026-02-28 14:29:46,146 log 52320 6139424768 "GET /my-classes/ HTTP/1.1" 200 16417
INFO 2026-02-28 14:29:47,894 log 52320 6139424768 "GET /my-sessions/ HTTP/1.1" 200 17063
INFO 2026-02-28 14:29:48,987 log 52320 6139424768 "GET /my-classes/ HTTP/1.1" 200 16417
INFO 2026-02-28 14:29:51,293 log 52320 6122598400 "GET /students/ HTTP/1.1" 200 23093
INFO 2026-02-28 14:29:51,792 log 52320 6122598400 "GET /classes/ HTTP/1.1" 200 25362
INFO 2026-02-28 14:29:54,154 log 52320 6122598400 "GET /classes/2/edit/ HTTP/1.1" 200 30332
INFO 2026-02-28 14:29:58,592 log 52320 6122598400 "POST /classes/2/edit/ HTTP/1.1" 302 0
INFO 2026-02-28 14:29:58,639 log 52320 6122598400 "GET /classes/ HTTP/1.1" 200 27178
INFO 2026-02-28 14:30:00,755 log 52320 6139424768 "GET /my-classes/ HTTP/1.1" 200 18005
INFO 2026-02-28 14:30:04,220 log 52320 6139424768 "GET /accounts/dashboard/ HTTP/1.1" 200 20367
INFO 2026-02-28 14:30:07,149 log 52320 6139424768 "GET /my-classes/ HTTP/1.1" 200 18005
INFO 2026-02-28 14:30:10,960 log 52320 6139424768 "GET /class/2/sessions/ HTTP/1.1" 200 17887
INFO 2026-02-28 14:30:12,512 log 52320 6139424768 "GET /class/2/sessions/create/ HTTP/1.1" 200 18277
INFO 2026-02-28 14:30:22,906 log 52320 6139424768 "POST /class/2/sessions/create/ HTTP/1.1" 302 0
INFO 2026-02-28 14:30:22,950 log 52320 6139424768 "GET /session/1/ HTTP/1.1" 200 24785
INFO 2026-02-28 14:30:28,823 log 52320 6139424768 "POST /session/1/open/ HTTP/1.1" 200 65
INFO 2026-02-28 14:30:28,855 log 52320 6139424768 "GET /session/1/ HTTP/1.1" 200 22959
INFO 2026-02-28 14:30:35,891 log 52320 6122598400 "GET /students/ HTTP/1.1" 200 23093
INFO 2026-02-28 14:30:38,142 log 52320 6122598400 "GET /students/5/edit/ HTTP/1.1" 200 23505
INFO 2026-02-28 14:30:41,972 log 52320 6122598400 "GET /classes/ HTTP/1.1" 200 25368
INFO 2026-02-28 14:30:42,722 log 52320 6122598400 "GET /students/ HTTP/1.1" 200 23093
INFO 2026-02-28 14:30:43,148 log 52320 6122598400 "GET /users/ HTTP/1.1" 200 43833
